Release 14.1 - xst P.15xf (nt64)
Copyright (c) 1995-2012 Xilinx, Inc.  All rights reserved.
--> Parameter TMPDIR set to xst/projnav.tmp


Total REAL time to Xst completion: 0.00 secs
Total CPU time to Xst completion: 0.08 secs
 
--> Parameter xsthdpdir set to xst


Total REAL time to Xst completion: 0.00 secs
Total CPU time to Xst completion: 0.08 secs
 
--> Reading design: task_3_24_bex_1.prj

TABLE OF CONTENTS
  1) Synthesis Options Summary
  2) HDL Parsing
  3) HDL Elaboration
  4) HDL Synthesis
       4.1) HDL Synthesis Report
  5) Advanced HDL Synthesis
       5.1) Advanced HDL Synthesis Report
  6) Low Level Synthesis
  7) Partition Report
  8) Design Summary
       8.1) Primitive and Black Box Usage
       8.2) Device utilization summary
       8.3) Partition Resource Summary
       8.4) Timing Report
            8.4.1) Clock Information
            8.4.2) Asynchronous Control Signals Information
            8.4.3) Timing Summary
            8.4.4) Timing Details
            8.4.5) Cross Clock Domains Report


=========================================================================
*                      Synthesis Options Summary                        *
=========================================================================
---- Source Parameters
Input File Name                    : "task_3_24_bex_1.prj"
Ignore Synthesis Constraint File   : NO

---- Target Parameters
Output File Name                   : "task_3_24_bex_1"
Output Format                      : NGC
Target Device                      : xc6slx9-3-ftg256

---- Source Options
Top Module Name                    : task_3_24_bex_1
Automatic FSM Extraction           : YES
FSM Encoding Algorithm             : Auto
Safe Implementation                : No
FSM Style                          : LUT
RAM Extraction                     : Yes
RAM Style                          : Auto
ROM Extraction                     : Yes
Shift Register Extraction          : YES
ROM Style                          : Auto
Resource Sharing                   : YES
Asynchronous To Synchronous        : NO
Shift Register Minimum Size        : 2
Use DSP Block                      : Auto
Automatic Register Balancing       : No

---- Target Options
LUT Combining                      : Auto
Reduce Control Sets                : Auto
Add IO Buffers                     : YES
Global Maximum Fanout              : 100000
Add Generic Clock Buffer(BUFG)     : 16
Register Duplication               : YES
Optimize Instantiated Primitives   : NO
Use Clock Enable                   : Auto
Use Synchronous Set                : Auto
Use Synchronous Reset              : Auto
Pack IO Registers into IOBs        : Auto
Equivalent register Removal        : YES

---- General Options
Optimization Goal                  : Speed
Optimization Effort                : 1
Power Reduction                    : NO
Keep Hierarchy                     : No
Netlist Hierarchy                  : As_Optimized
RTL Output                         : Yes
Global Optimization                : AllClockNets
Read Cores                         : YES
Write Timing Constraints           : NO
Cross Clock Analysis               : NO
Hierarchy Separator                : /
Bus Delimiter                      : <>
Case Specifier                     : Maintain
Slice Utilization Ratio            : 100
BRAM Utilization Ratio             : 100
DSP48 Utilization Ratio            : 100
Auto BRAM Packing                  : NO
Slice Utilization Ratio Delta      : 5

=========================================================================


=========================================================================
*                          HDL Parsing                                  *
=========================================================================
Parsing VHDL file "E:\Xilinx\Labs\lab4\lab4\task_3_24_bex_1.vhd" into library work
Parsing entity <task_3_24_bex_1>.
Parsing architecture <Behavioral> of entity <task_3_24_bex_1>.

=========================================================================
*                            HDL Elaboration                            *
=========================================================================

Elaborating entity <task_3_24_bex_1> (architecture <Behavioral>) with generics from library <work>.

=========================================================================
*                           HDL Synthesis                               *
=========================================================================

Synthesizing Unit <task_3_24_bex_1>.
    Related source file is "E:\Xilinx\Labs\lab4\lab4\task_3_24_bex_1.vhd".
        n = 3
    Found 3-bit register for signal <sreg>.
    Summary:
	inferred   3 D-type flip-flop(s).
Unit <task_3_24_bex_1> synthesized.

=========================================================================
HDL Synthesis Report

Macro Statistics
# Registers                                            : 1
 3-bit register                                        : 1
# Xors                                                 : 2
 1-bit xor2                                            : 2

=========================================================================

=========================================================================
*                       Advanced HDL Synthesis                          *
=========================================================================


=========================================================================
Advanced HDL Synthesis Report

Macro Statistics
# Registers                                            : 3
 Flip-Flops                                            : 3
# Xors                                                 : 2
 1-bit xor2                                            : 2

=========================================================================

=========================================================================
*                         Low Level Synthesis                           *
=========================================================================

Optimizing unit <task_3_24_bex_1> ...

Mapping all equations...
Building and optimizing final netlist ...
Found area constraint ratio of 100 (+ 5) on block task_3_24_bex_1, actual ratio is 0.

Final Macro Processing ...

=========================================================================
Final Register Report

Macro Statistics
# Registers                                            : 3
 Flip-Flops                                            : 3

=========================================================================

=========================================================================
*                           Partition Report                            *
=========================================================================

Partition Implementation Status
-------------------------------

  No Partitions were found in this design.

-------------------------------

=========================================================================
*                            Design Summary                             *
=========================================================================

Top Level Output File Name         : task_3_24_bex_1.ngc

Primitive and Black Box Usage:
------------------------------
# BELS                             : 2
#      LUT2                        : 2
# FlipFlops/Latches                : 3
#      FDC                         : 2
#      FDP                         : 1
# Clock Buffers                    : 1
#      BUFGP                       : 1
# IO Buffers                       : 5
#      IBUF                        : 2
#      OBUF                        : 3

Device utilization summary:
---------------------------

Selected Device : 6slx9ftg256-3 


Slice Logic Utilization: 
 Number of Slice Registers:               3  out of  11440     0%  
 Number of Slice LUTs:                    2  out of   5720     0%  
    Number used as Logic:                 2  out of   5720     0%  

Slice Logic Distribution: 
 Number of LUT Flip Flop pairs used:      5
   Number with an unused Flip Flop:       2  out of      5    40%  
   Number with an unused LUT:             3  out of      5    60%  
   Number of fully used LUT-FF pairs:     0  out of      5     0%  
   Number of unique control sets:         1

IO Utilization: 
 Number of IOs:                           6
 Number of bonded IOBs:                   6  out of    186     3%  

Specific Feature Utilization:
 Number of BUFG/BUFGCTRLs:                1  out of     16     6%  

---------------------------
Partition Resource Summary:
---------------------------

  No Partitions were found in this design.

---------------------------


=========================================================================
Timing Report

NOTE: THESE TIMING NUMBERS ARE ONLY A SYNTHESIS ESTIMATE.
      FOR ACCURATE TIMING INFORMATION PLEASE REFER TO THE TRACE REPORT
      GENERATED AFTER PLACE-and-ROUTE.

Clock Information:
------------------
-----------------------------------+------------------------+-------+
Clock Signal                       | Clock buffer(FF name)  | Load  |
-----------------------------------+------------------------+-------+
CLK                                | BUFGP                  | 3     |
-----------------------------------+------------------------+-------+

Asynchronous Control Signals Information:
----------------------------------------
No asynchronous control signals found in this design

Timing Summary:
---------------
Speed Grade: -3

   Minimum period: 1.436ns (Maximum Frequency: 696.452MHz)
   Minimum input arrival time before clock: 2.302ns
   Maximum output required time after clock: 4.521ns
   Maximum combinational path delay: 5.296ns

Timing Details:
---------------
All values displayed in nanoseconds (ns)

=========================================================================
Timing constraint: Default period analysis for Clock 'CLK'
  Clock period: 1.436ns (frequency: 696.452MHz)
  Total number of paths / destination ports: 4 / 3
-------------------------------------------------------------------------
Delay:               1.436ns (Levels of Logic = 1)
  Source:            sreg_0 (FF)
  Destination:       sreg_1 (FF)
  Source Clock:      CLK rising
  Destination Clock: CLK rising

  Data Path: sreg_0 to sreg_1
                                Gate     Net
    Cell:in->out      fanout   Delay   Delay  Logical Name (Net Name)
    ----------------------------------------  ------------
     FDP:C->Q              1   0.447   0.684  sreg_0 (sreg_0)
     LUT2:I0->O            2   0.203   0.000  Mxor_sdata<1>_xo<0>1 (Pout_1_OBUF)
     FDC:D                     0.102          sreg_1
    ----------------------------------------
    Total                      1.436ns (0.752ns logic, 0.684ns route)
                                       (52.4% logic, 47.6% route)

=========================================================================
Timing constraint: Default OFFSET IN BEFORE for Clock 'CLK'
  Total number of paths / destination ports: 4 / 4
-------------------------------------------------------------------------
Offset:              2.302ns (Levels of Logic = 1)
  Source:            RST (PAD)
  Destination:       sreg_2 (FF)
  Destination Clock: CLK rising

  Data Path: RST to sreg_2
                                Gate     Net
    Cell:in->out      fanout   Delay   Delay  Logical Name (Net Name)
    ----------------------------------------  ------------
     IBUF:I->O             3   1.222   0.650  RST_IBUF (RST_IBUF)
     FDC:CLR                   0.430          sreg_2
    ----------------------------------------
    Total                      2.302ns (1.652ns logic, 0.650ns route)
                                       (71.8% logic, 28.2% route)

=========================================================================
Timing constraint: Default OFFSET OUT AFTER for Clock 'CLK'
  Total number of paths / destination ports: 4 / 3
-------------------------------------------------------------------------
Offset:              4.521ns (Levels of Logic = 2)
  Source:            sreg_0 (FF)
  Destination:       Pout<1> (PAD)
  Source Clock:      CLK rising

  Data Path: sreg_0 to Pout<1>
                                Gate     Net
    Cell:in->out      fanout   Delay   Delay  Logical Name (Net Name)
    ----------------------------------------  ------------
     FDP:C->Q              1   0.447   0.684  sreg_0 (sreg_0)
     LUT2:I0->O            2   0.203   0.616  Mxor_sdata<1>_xo<0>1 (Pout_1_OBUF)
     OBUF:I->O                 2.571          Pout_1_OBUF (Pout<1>)
    ----------------------------------------
    Total                      4.521ns (3.221ns logic, 1.300ns route)
                                       (71.2% logic, 28.8% route)

=========================================================================
Timing constraint: Default path analysis
  Total number of paths / destination ports: 1 / 1
-------------------------------------------------------------------------
Delay:               5.296ns (Levels of Logic = 3)
  Source:            Px (PAD)
  Destination:       Pout<0> (PAD)

  Data Path: Px to Pout<0>
                                Gate     Net
    Cell:in->out      fanout   Delay   Delay  Logical Name (Net Name)
    ----------------------------------------  ------------
     IBUF:I->O             1   1.222   0.684  Px_IBUF (Px_IBUF)
     LUT2:I0->O            2   0.203   0.616  Mxor_sdata<0>_xo<0>1 (Pout_0_OBUF)
     OBUF:I->O                 2.571          Pout_0_OBUF (Pout<0>)
    ----------------------------------------
    Total                      5.296ns (3.996ns logic, 1.300ns route)
                                       (75.5% logic, 24.5% route)

=========================================================================

Cross Clock Domains Report:
--------------------------

Clock to Setup on destination clock CLK
---------------+---------+---------+---------+---------+
               | Src:Rise| Src:Fall| Src:Rise| Src:Fall|
Source Clock   |Dest:Rise|Dest:Rise|Dest:Fall|Dest:Fall|
---------------+---------+---------+---------+---------+
CLK            |    1.436|         |         |         |
---------------+---------+---------+---------+---------+

=========================================================================


Total REAL time to Xst completion: 4.00 secs
Total CPU time to Xst completion: 3.38 secs
 
--> 

Total memory usage is 4482336 kilobytes

Number of errors   :    0 (   0 filtered)
Number of warnings :    0 (   0 filtered)
Number of infos    :    0 (   0 filtered)

