Release 14.1 - xst P.15xf (nt64)
Copyright (c) 1995-2012 Xilinx, Inc.  All rights reserved.
--> Parameter TMPDIR set to xst/projnav.tmp


Total REAL time to Xst completion: 0.00 secs
Total CPU time to Xst completion: 0.08 secs
 
--> Parameter xsthdpdir set to xst


Total REAL time to Xst completion: 1.00 secs
Total CPU time to Xst completion: 0.08 secs
 
--> Reading design: task_5_4_struct_1.prj

TABLE OF CONTENTS
  1) Synthesis Options Summary
  2) HDL Parsing
  3) HDL Elaboration
  4) HDL Synthesis
       4.1) HDL Synthesis Report
  5) Advanced HDL Synthesis
       5.1) Advanced HDL Synthesis Report
  6) Low Level Synthesis
  7) Partition Report
  8) Design Summary
       8.1) Primitive and Black Box Usage
       8.2) Device utilization summary
       8.3) Partition Resource Summary
       8.4) Timing Report
            8.4.1) Clock Information
            8.4.2) Asynchronous Control Signals Information
            8.4.3) Timing Summary
            8.4.4) Timing Details
            8.4.5) Cross Clock Domains Report


=========================================================================
*                      Synthesis Options Summary                        *
=========================================================================
---- Source Parameters
Input File Name                    : "task_5_4_struct_1.prj"
Ignore Synthesis Constraint File   : NO

---- Target Parameters
Output File Name                   : "task_5_4_struct_1"
Output Format                      : NGC
Target Device                      : xc6slx9-3-ftg256

---- Source Options
Top Module Name                    : task_5_4_struct_1
Automatic FSM Extraction           : YES
FSM Encoding Algorithm             : Auto
Safe Implementation                : No
FSM Style                          : LUT
RAM Extraction                     : Yes
RAM Style                          : Auto
ROM Extraction                     : Yes
Shift Register Extraction          : YES
ROM Style                          : Auto
Resource Sharing                   : YES
Asynchronous To Synchronous        : NO
Shift Register Minimum Size        : 2
Use DSP Block                      : Auto
Automatic Register Balancing       : No

---- Target Options
LUT Combining                      : Auto
Reduce Control Sets                : Auto
Add IO Buffers                     : YES
Global Maximum Fanout              : 100000
Add Generic Clock Buffer(BUFG)     : 16
Register Duplication               : YES
Optimize Instantiated Primitives   : NO
Use Clock Enable                   : Auto
Use Synchronous Set                : Auto
Use Synchronous Reset              : Auto
Pack IO Registers into IOBs        : Auto
Equivalent register Removal        : YES

---- General Options
Optimization Goal                  : Speed
Optimization Effort                : 1
Power Reduction                    : NO
Keep Hierarchy                     : No
Netlist Hierarchy                  : As_Optimized
RTL Output                         : Yes
Global Optimization                : AllClockNets
Read Cores                         : YES
Write Timing Constraints           : NO
Cross Clock Analysis               : NO
Hierarchy Separator                : /
Bus Delimiter                      : <>
Case Specifier                     : Maintain
Slice Utilization Ratio            : 100
BRAM Utilization Ratio             : 100
DSP48 Utilization Ratio            : 100
Auto BRAM Packing                  : NO
Slice Utilization Ratio Delta      : 5

=========================================================================


=========================================================================
*                          HDL Parsing                                  *
=========================================================================
Parsing VHDL file "E:\Xilinx\Labs\lab3\lab3\task_5_4_struct_1.vhd" into library work
Parsing entity <task_5_4_struct_1>.
Parsing architecture <Behavioral> of entity <task_5_4_struct_1>.

=========================================================================
*                            HDL Elaboration                            *
=========================================================================

Elaborating entity <task_5_4_struct_1> (architecture <Behavioral>) from library <work>.

=========================================================================
*                           HDL Synthesis                               *
=========================================================================

Synthesizing Unit <task_5_4_struct_1>.
    Related source file is "E:\Xilinx\Labs\lab3\lab3\task_5_4_struct_1.vhd".
    Found 1-bit register for signal <R_CLK_DFF_2>.
    Found 1-bit register for signal <Z_3_o_CLK_DFF_1_q>.
    Found 1-bit tristate buffer for signal <Q> created at line 44
    Summary:
	inferred   2 D-type flip-flop(s).
	inferred   1 Multiplexer(s).
	inferred   1 Tristate(s).
Unit <task_5_4_struct_1> synthesized.

=========================================================================
HDL Synthesis Report

Macro Statistics
# Registers                                            : 2
 1-bit register                                        : 2
# Multiplexers                                         : 1
 1-bit 2-to-1 multiplexer                              : 1
# Tristates                                            : 1
 1-bit tristate buffer                                 : 1

=========================================================================

=========================================================================
*                       Advanced HDL Synthesis                          *
=========================================================================


=========================================================================
Advanced HDL Synthesis Report

Macro Statistics
# Registers                                            : 2
 Flip-Flops                                            : 2

=========================================================================

=========================================================================
*                         Low Level Synthesis                           *
=========================================================================
WARNING:Xst:2041 - Unit task_5_4_struct_1: 1 internal tristate is replaced by logic (pull-up yes): N2.

Optimizing unit <task_5_4_struct_1> ...

Mapping all equations...
Building and optimizing final netlist ...
Found area constraint ratio of 100 (+ 5) on block task_5_4_struct_1, actual ratio is 0.

Final Macro Processing ...

=========================================================================
Final Register Report

Macro Statistics
# Registers                                            : 2
 Flip-Flops                                            : 2

=========================================================================

=========================================================================
*                           Partition Report                            *
=========================================================================

Partition Implementation Status
-------------------------------

  No Partitions were found in this design.

-------------------------------

=========================================================================
*                            Design Summary                             *
=========================================================================

Top Level Output File Name         : task_5_4_struct_1.ngc

Primitive and Black Box Usage:
------------------------------
# BELS                             : 5
#      INV                         : 1
#      LUT2                        : 3
#      LUT4                        : 1
# FlipFlops/Latches                : 2
#      FD                          : 1
#      FDE                         : 1
# Clock Buffers                    : 1
#      BUFGP                       : 1
# IO Buffers                       : 4
#      IBUF                        : 2
#      OBUF                        : 1
#      OBUFT                       : 1

Device utilization summary:
---------------------------

Selected Device : 6slx9ftg256-3 


Slice Logic Utilization: 
 Number of Slice Registers:               2  out of  11440     0%  
 Number of Slice LUTs:                    5  out of   5720     0%  
    Number used as Logic:                 5  out of   5720     0%  

Slice Logic Distribution: 
 Number of LUT Flip Flop pairs used:      7
   Number with an unused Flip Flop:       5  out of      7    71%  
   Number with an unused LUT:             2  out of      7    28%  
   Number of fully used LUT-FF pairs:     0  out of      7     0%  
   Number of unique control sets:         2

IO Utilization: 
 Number of IOs:                           5
 Number of bonded IOBs:                   5  out of    186     2%  

Specific Feature Utilization:
 Number of BUFG/BUFGCTRLs:                1  out of     16     6%  

---------------------------
Partition Resource Summary:
---------------------------

  No Partitions were found in this design.

---------------------------


=========================================================================
Timing Report

NOTE: THESE TIMING NUMBERS ARE ONLY A SYNTHESIS ESTIMATE.
      FOR ACCURATE TIMING INFORMATION PLEASE REFER TO THE TRACE REPORT
      GENERATED AFTER PLACE-and-ROUTE.

Clock Information:
------------------
-----------------------------------+------------------------+-------+
Clock Signal                       | Clock buffer(FF name)  | Load  |
-----------------------------------+------------------------+-------+
CLK                                | BUFGP                  | 2     |
-----------------------------------+------------------------+-------+

Asynchronous Control Signals Information:
----------------------------------------
No asynchronous control signals found in this design

Timing Summary:
---------------
Speed Grade: -3

   Minimum period: 1.507ns (Maximum Frequency: 663.460MHz)
   Minimum input arrival time before clock: 3.081ns
   Maximum output required time after clock: 4.555ns
   Maximum combinational path delay: No path found

Timing Details:
---------------
All values displayed in nanoseconds (ns)

=========================================================================
Timing constraint: Default period analysis for Clock 'CLK'
  Clock period: 1.507ns (frequency: 663.460MHz)
  Total number of paths / destination ports: 2 / 1
-------------------------------------------------------------------------
Delay:               1.507ns (Levels of Logic = 1)
  Source:            R_CLK_DFF_2 (FF)
  Destination:       a (FF)
  Source Clock:      CLK rising
  Destination Clock: CLK rising

  Data Path: R_CLK_DFF_2 to a
                                Gate     Net
    Cell:in->out      fanout   Delay   Delay  Logical Name (Net Name)
    ----------------------------------------  ------------
     FDE:C->Q              3   0.447   0.755  R_CLK_DFF_2 (R_CLK_DFF_2)
     LUT4:I2->O            1   0.203   0.000  Mmux_a_Z_3_o_MUX_7_o11 (a_Z_3_o_MUX_7_o)
     FD:D                      0.102          a
    ----------------------------------------
    Total                      1.507ns (0.752ns logic, 0.755ns route)
                                       (49.9% logic, 50.1% route)

=========================================================================
Timing constraint: Default OFFSET IN BEFORE for Clock 'CLK'
  Total number of paths / destination ports: 6 / 3
-------------------------------------------------------------------------
Offset:              3.081ns (Levels of Logic = 2)
  Source:            R (PAD)
  Destination:       R_CLK_DFF_2 (FF)
  Destination Clock: CLK rising

  Data Path: R to R_CLK_DFF_2
                                Gate     Net
    Cell:in->out      fanout   Delay   Delay  Logical Name (Net Name)
    ----------------------------------------  ------------
     IBUF:I->O             3   1.222   0.755  R_IBUF (R_IBUF)
     LUT2:I0->O            1   0.203   0.579  R_S_AND_2_o_inv1 (R_S_AND_2_o_inv)
     FDE:CE                    0.322          R_CLK_DFF_2
    ----------------------------------------
    Total                      3.081ns (1.747ns logic, 1.334ns route)
                                       (56.7% logic, 43.3% route)

=========================================================================
Timing constraint: Default OFFSET OUT AFTER for Clock 'CLK'
  Total number of paths / destination ports: 4 / 2
-------------------------------------------------------------------------
Offset:              4.555ns (Levels of Logic = 2)
  Source:            a (FF)
  Destination:       nQ (PAD)
  Source Clock:      CLK rising

  Data Path: a to nQ
                                Gate     Net
    Cell:in->out      fanout   Delay   Delay  Logical Name (Net Name)
    ----------------------------------------  ------------
     FD:C->Q               3   0.447   0.755  a (a)
     LUT2:I0->O            1   0.203   0.579  nQ1 (nQ_OBUF)
     OBUF:I->O                 2.571          nQ_OBUF (nQ)
    ----------------------------------------
    Total                      4.555ns (3.221ns logic, 1.334ns route)
                                       (70.7% logic, 29.3% route)

=========================================================================

Cross Clock Domains Report:
--------------------------

Clock to Setup on destination clock CLK
---------------+---------+---------+---------+---------+
               | Src:Rise| Src:Fall| Src:Rise| Src:Fall|
Source Clock   |Dest:Rise|Dest:Rise|Dest:Fall|Dest:Fall|
---------------+---------+---------+---------+---------+
CLK            |    1.507|         |         |         |
---------------+---------+---------+---------+---------+

=========================================================================


Total REAL time to Xst completion: 4.00 secs
Total CPU time to Xst completion: 3.75 secs
 
--> 

Total memory usage is 4482344 kilobytes

Number of errors   :    0 (   0 filtered)
Number of warnings :    1 (   0 filtered)
Number of infos    :    0 (   0 filtered)

